<?xml version="1.0" encoding="UTF-8"?>
<testsuite name="service.UserServiceTest" tests="5" skipped="0" failures="0" errors="0" timestamp="2021-08-29T11:06:04" hostname="DESKTOP-FJ9FD08" time="0.137">
  <properties/>
  <testcase name="findByNonExistingUserName()" classname="service.UserServiceTest" time="0.027"/>
  <testcase name="authenticateWithNoSuchUserName()" classname="service.UserServiceTest" time="0.095"/>
  <testcase name="authenticateWithCorrectPassword()" classname="service.UserServiceTest" time="0.003"/>
  <testcase name="authenticateWithIncorrectPassword()" classname="service.UserServiceTest" time="0.001"/>
  <testcase name="findByExistingUserName()" classname="service.UserServiceTest" time="0.006"/>
  <system-out><![CDATA[04:06:05.023 [Test worker] ERROR base.service.UserService - No such user found
04:06:05.077 [Test worker] INFO base.service.UserService - Password correct... authentication successful
04:06:05.080 [Test worker] ERROR base.service.UserService - Password incorrect... authentication failed.
]]></system-out>
  <system-err><![CDATA[]]></system-err>
</testsuite>
